<?xml version="1.0" encoding="UTF-8"?>
<!-- Generated by org.testng.reporters.JUnitXMLReporter -->
<testsuite ignored="0" hostname="TYSS-Yogita" failures="0" tests="3" name="Default test" time="24.688" errors="0" timestamp="2022-08-26T13:59:06 IST">
  <testcase classname="learningMaven.DataDrivenTesting" name="testCase" time="5.635"/>
  <testcase classname="learningMaven.DataDrivenTesting" name="testCase" time="5.558"/>
  <testcase classname="learningMaven.DataDrivenTesting" name="testCase" time="5.497"/>
</testsuite> <!-- Default test -->
