<?xml version="1.0" encoding="UTF-8"?>
<testng-results ignored="0" total="3" passed="3" failed="0" skipped="0">
  <reporter-output>
    <line>
      <![CDATA[User is navigated to the home page]]>
    </line>
    <line>
      <![CDATA[User is navigated to login page]]>
    </line>
    <line>
      <![CDATA[User is navigated to the home page]]>
    </line>
    <line>
      <![CDATA[User is navigated to login page]]>
    </line>
    <line>
      <![CDATA[User is navigated to the home page]]>
    </line>
    <line>
      <![CDATA[User is navigated to login page]]>
    </line>
  </reporter-output>
  <suite started-at="2022-08-26T13:58:42 IST" name="Default suite" finished-at="2022-08-26T13:59:06 IST" duration-ms="24688">
    <groups>
    </groups>
    <test started-at="2022-08-26T13:58:42 IST" name="Default test" finished-at="2022-08-26T13:59:06 IST" duration-ms="24688">
      <class name="learningMaven.DataDrivenTesting">
        <test-method is-config="true" signature="setUpBrowser(java.lang.String)[pri:0, instance:learningMaven.DataDrivenTesting@6d4e5011]" started-at="2022-08-26T13:58:42 IST" name="setUpBrowser" finished-at="2022-08-26T13:58:48 IST" duration-ms="6200" status="PASS">
          <params>
            <param index="0">
              <value>
                <![CDATA[chrome]]>
              </value>
            </param>
          </params>
          <reporter-output>
          </reporter-output>
        </test-method> <!-- setUpBrowser -->
        <test-method signature="testCase(java.lang.String,java.lang.String)[pri:0, instance:learningMaven.DataDrivenTesting@6d4e5011]" started-at="2022-08-26T13:58:49 IST" name="testCase" data-provider="Login" finished-at="2022-08-26T13:58:55 IST" duration-ms="5635" status="PASS">
          <params>
            <param index="0">
              <value>
                <![CDATA[sagar.raj@gmail.com]]>
              </value>
            </param>
            <param index="1">
              <value>
                <![CDATA[S@g8050]]>
              </value>
            </param>
          </params>
          <reporter-output>
            <line>
              <![CDATA[User is navigated to the home page]]>
            </line>
            <line>
              <![CDATA[User is navigated to login page]]>
            </line>
          </reporter-output>
        </test-method> <!-- testCase -->
        <test-method signature="testCase(java.lang.String,java.lang.String)[pri:0, instance:learningMaven.DataDrivenTesting@6d4e5011]" started-at="2022-08-26T13:58:55 IST" name="testCase" data-provider="Login" finished-at="2022-08-26T13:59:00 IST" duration-ms="5558" status="PASS">
          <params>
            <param index="0">
              <value>
                <![CDATA[jays@gmail.com]]>
              </value>
            </param>
            <param index="1">
              <value>
                <![CDATA[Password]]>
              </value>
            </param>
          </params>
          <reporter-output>
            <line>
              <![CDATA[User is navigated to the home page]]>
            </line>
            <line>
              <![CDATA[User is navigated to login page]]>
            </line>
          </reporter-output>
        </test-method> <!-- testCase -->
        <test-method signature="testCase(java.lang.String,java.lang.String)[pri:0, instance:learningMaven.DataDrivenTesting@6d4e5011]" started-at="2022-08-26T13:59:00 IST" name="testCase" data-provider="Login" finished-at="2022-08-26T13:59:06 IST" duration-ms="5497" status="PASS">
          <params>
            <param index="0">
              <value>
                <![CDATA[Sanjanaap@hogwarts.com]]>
              </value>
            </param>
            <param index="1">
              <value>
                <![CDATA[sanjanaP]]>
              </value>
            </param>
          </params>
          <reporter-output>
            <line>
              <![CDATA[User is navigated to the home page]]>
            </line>
            <line>
              <![CDATA[User is navigated to login page]]>
            </line>
          </reporter-output>
        </test-method> <!-- testCase -->
        <test-method is-config="true" signature="browserTearDown()[pri:0, instance:learningMaven.DataDrivenTesting@6d4e5011]" started-at="2022-08-26T13:59:06 IST" name="browserTearDown" finished-at="2022-08-26T13:59:06 IST" duration-ms="464" status="PASS">
          <reporter-output>
          </reporter-output>
        </test-method> <!-- browserTearDown -->
      </class> <!-- learningMaven.DataDrivenTesting -->
    </test> <!-- Default test -->
  </suite> <!-- Default suite -->
</testng-results>
